.====================================================================.
                                                                      
 .d8888b.   .o8888b.   db  .d8888b.  d8888b. d88888b d8888b.  .d888b. 
.8P    Y8. d8P    Y8   88 .8P    Y8. 88  `8D 88'     88  `8D .8P , Y8.
88      88 8P      oooo88 88      88 88oooY' 88oooo  88oobY' 88  |  88
88      88 8b      ~~~~88 88      88 88~~~b. 88~~~~  88`8b   88  |/ 88
`8b    d8' Y8b    d8   88 `8b    d8' 88   8D 88.     88 `88. `8b | d8'
 `Y8888P'   `Y8888P'   YP  `Y8888P'  Y8888P' Y88888P 88   YD  `Y888P' 
                                                                      
`========================== INSTALLATION LOG ========================'

[2017/05/17 06:33:15] Host: Windows NT DESKTOP-IEJKDCN 10.0 build 10586 (Windows 10) i586
[2017/05/17 06:33:15] PHP version: 7.1.2
[2017/05/17 06:33:15] Server software: Apache/2.4.25 (Win32) OpenSSL/1.0.2j PHP/7.1.2
[2017/05/17 06:33:15] Operating system: WINNT
[2017/05/17 06:33:15] Memory limit: 128M
[2017/05/17 06:33:15] Max execution time: 3600
.============================ POST REQUEST ==========================.
[2017/05/17 06:33:15] Postback payload: Array
(
    [code] => phpVersion
    [handler] => onCheckRequirement
)

[2017/05/17 06:33:15] System check: phpVersion
[2017/05/17 06:33:15] Requirement phpVersion +OK
[2017/05/17 06:33:15] Execute handler (onCheckRequirement): Array
(
    [result] => 1
)

.============================ POST REQUEST ==========================.
[2017/05/17 06:33:15] Postback payload: Array
(
    [code] => curlLibrary
    [handler] => onCheckRequirement
)

[2017/05/17 06:33:15] System check: curlLibrary
[2017/05/17 06:33:15] Requirement curlLibrary +OK
[2017/05/17 06:33:15] Execute handler (onCheckRequirement): Array
(
    [result] => 1
)

.============================ POST REQUEST ==========================.
[2017/05/17 06:33:16] Postback payload: Array
(
    [code] => liveConnection
    [handler] => onCheckRequirement
)

[2017/05/17 06:33:16] System check: liveConnection
[2017/05/17 06:33:16] Server request: ping
[2017/05/17 06:33:16] Request information: Array
(
    [url] => http://octobercms.com/api/ping
    [content_type] => application/json
    [http_code] => 200
    [header_size] => 773
    [request_size] => 171
    [filetime] => -1
    [ssl_verify_result] => 0
    [redirect_count] => 0
    [total_time] => 0.281
    [namelookup_time] => 0.062
    [connect_time] => 0.078
    [pretransfer_time] => 0.078
    [size_upload] => 40
    [size_download] => 14
    [speed_download] => 49
    [speed_upload] => 142
    [download_content_length] => 14
    [upload_content_length] => 40
    [starttransfer_time] => 0.281
    [redirect_time] => 0
    [redirect_url] => 
    [primary_ip] => 104.24.112.12
    [certinfo] => Array
        (
        )

    [primary_port] => 80
    [local_ip] => 192.168.184.144
    [local_port] => 61023
)

[2017/05/17 06:33:16] Requirement liveConnection +OK
[2017/05/17 06:33:16] Execute handler (onCheckRequirement): Array
(
    [result] => 1
)

.============================ POST REQUEST ==========================.
[2017/05/17 06:33:17] Postback payload: Array
(
    [code] => writePermission
    [handler] => onCheckRequirement
)

[2017/05/17 06:33:17] System check: writePermission
[2017/05/17 06:33:17] Requirement writePermission +OK
[2017/05/17 06:33:17] Execute handler (onCheckRequirement): Array
(
    [result] => 1
)

.============================ POST REQUEST ==========================.
[2017/05/17 06:33:17] Postback payload: Array
(
    [code] => pdoLibrary
    [handler] => onCheckRequirement
)

[2017/05/17 06:33:17] System check: pdoLibrary
[2017/05/17 06:33:17] Requirement pdoLibrary +OK
[2017/05/17 06:33:17] Execute handler (onCheckRequirement): Array
(
    [result] => 1
)

.============================ POST REQUEST ==========================.
[2017/05/17 06:33:18] Postback payload: Array
(
    [code] => mbstringLibrary
    [handler] => onCheckRequirement
)

[2017/05/17 06:33:18] System check: mbstringLibrary
[2017/05/17 06:33:18] Requirement mbstringLibrary +OK
[2017/05/17 06:33:18] Execute handler (onCheckRequirement): Array
(
    [result] => 1
)

.============================ POST REQUEST ==========================.
[2017/05/17 06:33:18] Postback payload: Array
(
    [code] => sslLibrary
    [handler] => onCheckRequirement
)

[2017/05/17 06:33:18] System check: sslLibrary
[2017/05/17 06:33:18] Requirement sslLibrary +OK
[2017/05/17 06:33:18] Execute handler (onCheckRequirement): Array
(
    [result] => 1
)

.============================ POST REQUEST ==========================.
[2017/05/17 06:33:19] Postback payload: Array
(
    [code] => zipLibrary
    [handler] => onCheckRequirement
)

[2017/05/17 06:33:19] System check: zipLibrary
[2017/05/17 06:33:19] Requirement zipLibrary +OK
[2017/05/17 06:33:19] Execute handler (onCheckRequirement): Array
(
    [result] => 1
)

.============================ POST REQUEST ==========================.
[2017/05/17 06:33:19] Postback payload: Array
(
    [code] => gdLibrary
    [handler] => onCheckRequirement
)

[2017/05/17 06:33:19] System check: gdLibrary
[2017/05/17 06:33:19] Requirement gdLibrary +OK
[2017/05/17 06:33:19] Execute handler (onCheckRequirement): Array
(
    [result] => 1
)

.============================ POST REQUEST ==========================.
[2017/05/17 06:34:27] Postback payload: Array
(
    [db_type] => mysql
    [db_host] => localhost
    [db_port] => 
    [db_name] => acme_oct
    [db_user] => root
    [db_pass] => *******
    [admin_first_name] => Brad
    [admin_last_name] => Traversy
    [admin_email] => *******@*****.com
    [admin_login] => admin
    [admin_password] => *******
    [admin_confirm_password] => *******
    [backend_uri] => /backend
    [encryption_code] => *******
    [file_mask] => 777
    [folder_mask] => 777
    [handler] => onValidateDatabase
)

.============================ POST REQUEST ==========================.
[2017/05/17 06:34:27] Postback payload: Array
(
    [db_type] => mysql
    [db_host] => localhost
    [db_port] => 
    [db_name] => acme_oct
    [db_user] => root
    [db_pass] => *******
    [admin_first_name] => Brad
    [admin_last_name] => Traversy
    [admin_email] => *******@*****.com
    [admin_login] => admin
    [admin_password] => *******
    [admin_confirm_password] => *******
    [backend_uri] => /backend
    [encryption_code] => *******
    [file_mask] => 777
    [folder_mask] => 777
    [handler] => onValidateAdminAccount
)

.============================ POST REQUEST ==========================.
[2017/05/17 06:34:27] Postback payload: Array
(
    [db_type] => mysql
    [db_host] => localhost
    [db_port] => 
    [db_name] => acme_oct
    [db_user] => root
    [db_pass] => *******
    [admin_first_name] => Brad
    [admin_last_name] => Traversy
    [admin_email] => *******@*****.com
    [admin_login] => admin
    [admin_password] => *******
    [admin_confirm_password] => *******
    [backend_uri] => /backend
    [encryption_code] => *******
    [file_mask] => 777
    [folder_mask] => 777
    [handler] => onValidateAdvancedConfig
)

.============================ POST REQUEST ==========================.
[2017/05/17 06:34:54] Postback payload: Array
(
    [handler] => onGetPopularThemes
)

[2017/05/17 06:34:55] Server request: theme/popular
[2017/05/17 06:34:55] Request information: Array
(
    [url] => http://octobercms.com/api/theme/popular
    [content_type] => application/json
    [http_code] => 200
    [header_size] => 779
    [request_size] => 180
    [filetime] => -1
    [ssl_verify_result] => 0
    [redirect_count] => 0
    [total_time] => 0.375
    [namelookup_time] => 0.062
    [connect_time] => 0.078
    [pretransfer_time] => 0.078
    [size_upload] => 40
    [size_download] => 3930
    [speed_download] => 10480
    [speed_upload] => 106
    [download_content_length] => 3930
    [upload_content_length] => 40
    [starttransfer_time] => 0.375
    [redirect_time] => 0
    [redirect_url] => 
    [primary_ip] => 104.24.112.12
    [certinfo] => Array
        (
        )

    [primary_port] => 80
    [local_ip] => 192.168.184.144
    [local_port] => 61038
)

[2017/05/17 06:34:55] Execute handler (onGetPopularThemes): Array
(
    [0] => Array
        (
            [name] => Clean Blog
            [description] => Clean blogger theme.
            [code] => Responsiv.Clean
            [updated_at] => 2017-04-03 19:39:38
            [image] => http://octobercms.com/storage/app/uploads/public/58e/304/7a4/thumb_6978_210x140_0_0_crop.png
            [author] => Responsiv Internet
            [hash] => 89e8992f7aaf97510e9544a59e8ecc62
            [demo_url] => http://daftspunk.com/
            [product_url] => http://octobercms.com/theme/responsiv-clean
        )

    [1] => Array
        (
            [name] => New Age
            [description] => Landing page for mobile apps
            [code] => VojtaSvoboda.newage
            [updated_at] => 2016-10-20 17:20:43
            [image] => http://octobercms.com/storage/app/uploads/public/580/7eb/dc9/thumb_5770_210x140_0_0_crop.png
            [author] => Vojta Svoboda
            [hash] => 444285e995df7b9fbb11f5cd0b74ccc9
            [demo_url] => https://blackrockdigital.github.io/startbootstrap-new-age/
            [product_url] => http://octobercms.com/theme/vojtasvoboda-newage
        )

    [2] => Array
        (
            [name] => Stellar
            [description] => a clean, responsive one page and blog theme
            [code] => Zwiebl.zwiebl_stellar
            [updated_at] => 2016-09-27 16:56:35
            [image] => http://octobercms.com/storage/app/uploads/public/57e/bb4/fe9/thumb_5641_210x140_0_0_crop.png
            [author] => Patrick Mitterer
            [hash] => 19345446d87ad08e6937503019a43fd9
            [demo_url] => https://demo.zwiebl.xyz/?theme=stellar
            [product_url] => http://octobercms.com/theme/zwiebl-zwiebl-stellar
        )

    [3] => Array
        (
            [name] => Blank Bootstrap 4
            [description] => A blank Bootstrap 4 template
            [code] => Hambern.hambern-blank-bootstrap-4
            [updated_at] => 2016-08-23 17:57:44
            [image] => http://octobercms.com/storage/app/uploads/public/57b/9ba/c48/thumb_5365_210x140_0_0_crop.png
            [author] => Mattias Hamberg
            [hash] => 9a6762de633774de2cebf69a88f290d1
            [demo_url] => 
            [product_url] => http://octobercms.com/theme/hambern-hambern-blank-bootstrap-4
        )

    [4] => Array
        (
            [name] => Bonjour
            [description] => A sample multi-lingual theme for translated content.
            [code] => RainLab.Bonjour
            [updated_at] => 2016-07-03 21:05:29
            [image] => http://octobercms.com/storage/app/uploads/public/577/9df/850/thumb_4911_210x140_0_0_crop.png
            [author] => RainLab
            [hash] => f1084f81e0e1c5c8d22317794292deb3
            [demo_url] => 
            [product_url] => http://octobercms.com/theme/rainlab-bonjour
        )

    [5] => Array
        (
            [name] => Viola
            [description] => One Page Theme based on Bootstrap 4 with different color schemes, scss files included
            [code] => JumpLink.Viola
            [updated_at] => 2016-07-11 09:55:39
            [image] => http://octobercms.com/storage/app/uploads/public/574/6af/435/thumb_4705_210x140_0_0_crop.png
            [author] => JumpLink
            [hash] => fe09a3915724fcc241e0e5914c8ea346
            [demo_url] => http://healthyteeth.jumplink.eu/
            [product_url] => http://octobercms.com/theme/jumplink-viola
        )

    [6] => Array
        (
            [name] => Relax
            [description] => A fictional site called House of Chairs that demonstrates how to build a client-friendly website.
            [code] => RainLab.Relax
            [updated_at] => 2015-07-01 19:16:08
            [image] => http://octobercms.com/storage/app/uploads/public/559/49e/2da/thumb_2585_210x140_0_0_crop.png
            [author] => RainLab
            [hash] => a35c64b09ad6347b8a226291e5b8fd75
            [demo_url] => 
            [product_url] => http://octobercms.com/theme/rainlab-relax
        )

    [7] => Array
        (
            [name] => Vanilla
            [description] => A plain starter template that implements account management, a blog and community forum.
            [code] => RainLab.Vanilla
            [updated_at] => 2015-04-14 16:37:36
            [image] => http://octobercms.com/storage/app/uploads/public/552/da4/0f8/thumb_2106_210x140_0_0_crop.png
            [author] => RainLab
            [hash] => 4b893d1c085a298e9b9b1d13635a675f
            [demo_url] => 
            [product_url] => http://octobercms.com/theme/rainlab-vanilla
        )

    [8] => Array
        (
            [name] => Flat UI
            [description] => A theme that uses a Flat user-interface and has no dependencies on others plugins.
            [code] => Responsiv.Flat
            [updated_at] => 2014-07-23 21:32:51
            [image] => http://octobercms.com/storage/app/uploads/public/53d/084/fbc/thumb_543_210x140_0_0_crop.png
            [author] => Responsiv Internet
            [hash] => 750c624b9caf218672764a1410160808
            [demo_url] => 
            [product_url] => http://octobercms.com/theme/responsiv-flat
        )

)

.============================ POST REQUEST ==========================.
[2017/05/17 06:35:04] Postback payload: Array
(
    [name] => Responsiv.Clean
    [handler] => onThemeDetails
)

[2017/05/17 06:35:04] Server request: theme/detail
[2017/05/17 06:35:04] Request information: Array
(
    [url] => http://octobercms.com/api/theme/detail
    [content_type] => application/json
    [http_code] => 200
    [header_size] => 774
    [request_size] => 200
    [filetime] => -1
    [ssl_verify_result] => 0
    [redirect_count] => 0
    [total_time] => 0.313
    [namelookup_time] => 0.032
    [connect_time] => 0.047
    [pretransfer_time] => 0.047
    [size_upload] => 61
    [size_download] => 669
    [speed_download] => 2137
    [speed_upload] => 194
    [download_content_length] => 669
    [upload_content_length] => 61
    [starttransfer_time] => 0.313
    [redirect_time] => 0
    [redirect_url] => 
    [primary_ip] => 104.24.113.12
    [certinfo] => Array
        (
        )

    [primary_port] => 80
    [local_ip] => 192.168.184.144
    [local_port] => 61047
)

[2017/05/17 06:35:04] Execute handler (onThemeDetails): Array
(
    [name] => Clean Blog
    [description] => Clean blogger theme.
    [code] => Responsiv.Clean
    [updated_at] => 2017-04-03 19:39:38
    [image] => http://octobercms.com/storage/app/uploads/public/58e/304/7a4/thumb_6978_210x140_0_0_crop.png
    [author] => Responsiv Internet
    [hash] => 89e8992f7aaf97510e9544a59e8ecc62
    [demo_url] => http://daftspunk.com/
    [product_url] => http://octobercms.com/theme/responsiv-clean
    [require] => Array
        (
            [0] => Array
                (
                    [name] => Blog
                    [description] => A robust blogging platform.
                    [code] => RainLab.Blog
                    [updated_at] => 2014-05-02 01:17:59
                    [image] => http://placehold.it/64x64
                    [author] => October
                    [hash] => 9e157ad541aee351de808a241183aad4
                    [demo_url] => 
                    [product_url] => 
                )

        )

)

.============================ POST REQUEST ==========================.
[2017/05/17 06:35:04] Postback payload: Array
(
    [step] => getMetaData
    [meta] => 
    [plugins] => Array
        (
            [0] => Array
                (
                    [name] => Blog
                    [description] => A robust blogging platform.
                    [code] => RainLab.Blog
                    [updated_at] => 2014-05-02 01:17:59
                    [image] => http://placehold.it/64x64
                    [author] => October
                    [hash] => 9e157ad541aee351de808a241183aad4
                    [demo_url] => 
                    [product_url] => 
                )

        )

    [themes] => Array
        (
            [0] => Array
                (
                    [name] => Clean Blog
                    [description] => Clean blogger theme.
                    [code] => Responsiv.Clean
                    [updated_at] => 2017-04-03 19:39:38
                    [image] => http://octobercms.com/storage/app/uploads/public/58e/304/7a4/thumb_6978_210x140_0_0_crop.png
                    [author] => Responsiv Internet
                    [hash] => 89e8992f7aaf97510e9544a59e8ecc62
                    [demo_url] => http://daftspunk.com/
                    [product_url] => http://octobercms.com/theme/responsiv-clean
                    [require] => Array
                        (
                            [0] => Array
                                (
                                    [name] => Blog
                                    [description] => A robust blogging platform.
                                    [code] => RainLab.Blog
                                    [updated_at] => 2014-05-02 01:17:59
                                    [image] => http://placehold.it/64x64
                                    [author] => October
                                    [hash] => 9e157ad541aee351de808a241183aad4
                                    [demo_url] => 
                                    [product_url] => 
                                )

                        )

                )

        )

    [handler] => onInstallStep
)

[2017/05/17 06:35:04] Install step: getMetaData
[2017/05/17 06:35:04] Server request: core/install
[2017/05/17 06:35:04] Request information: Array
(
    [url] => http://octobercms.com/api/core/install
    [content_type] => application/json
    [http_code] => 200
    [header_size] => 776
    [request_size] => 237
    [filetime] => -1
    [ssl_verify_result] => 0
    [redirect_count] => 0
    [total_time] => 0.297
    [namelookup_time] => 0
    [connect_time] => 0.015
    [pretransfer_time] => 0.015
    [size_upload] => 98
    [size_download] => 235
    [speed_download] => 791
    [speed_upload] => 329
    [download_content_length] => 235
    [upload_content_length] => 98
    [starttransfer_time] => 0.297
    [redirect_time] => 0
    [redirect_url] => 
    [primary_ip] => 104.24.113.12
    [certinfo] => Array
        (
        )

    [primary_port] => 80
    [local_ip] => 192.168.184.144
    [local_port] => 61048
)

[2017/05/17 06:35:04] Step getMetaData +OK
[2017/05/17 06:35:04] Execute handler (onInstallStep): Array
(
    [result] => Array
        (
            [core] => Array
                (
                    [hash] => 1fc4f2016fbeaac8d8ab1e772812e978
                    [build] => 419
                    [uhash] => 386846ebe3802c4f192625743abb3f06
                )

            [plugins] => Array
                (
                    [RainLab.Blog] => 9e157ad541aee351de808a241183aad4
                )

            [themes] => Array
                (
                    [Responsiv.Clean] => 89e8992f7aaf97510e9544a59e8ecc62
                )

        )

)

.============================ POST REQUEST ==========================.
[2017/05/17 06:35:05] Postback payload: Array
(
    [step] => downloadCore
    [meta] => Array
        (
            [core] => Array
                (
                    [hash] => 1fc4f2016fbeaac8d8ab1e772812e978
                    [build] => 419
                    [uhash] => 386846ebe3802c4f192625743abb3f06
                )

            [plugins] => Array
                (
                    [RainLab.Blog] => 9e157ad541aee351de808a241183aad4
                )

            [themes] => Array
                (
                    [Responsiv.Clean] => 89e8992f7aaf97510e9544a59e8ecc62
                )

        )

    [handler] => onInstallStep
)

[2017/05/17 06:35:05] Install step: downloadCore
[2017/05/17 06:35:08] Saving to file (core): C:/xampp/htdocs/acme/install_files/temp/a74ad8dfacd4f985eb3977517615ce25.arc
[2017/05/17 06:35:08] Step downloadCore +OK
[2017/05/17 06:35:08] Execute handler (onInstallStep): Array
(
    [result] => 
)

.============================ POST REQUEST ==========================.
[2017/05/17 06:35:09] Postback payload: Array
(
    [step] => downloadPlugin
    [meta] => Array
        (
            [core] => Array
                (
                    [hash] => 1fc4f2016fbeaac8d8ab1e772812e978
                    [build] => 419
                    [uhash] => 386846ebe3802c4f192625743abb3f06
                )

            [plugins] => Array
                (
                    [RainLab.Blog] => 9e157ad541aee351de808a241183aad4
                )

            [themes] => Array
                (
                    [Responsiv.Clean] => 89e8992f7aaf97510e9544a59e8ecc62
                )

        )

    [name] => RainLab.Blog
    [handler] => onInstallStep
)

[2017/05/17 06:35:09] Install step: downloadPlugin
[2017/05/17 06:35:09] Saving to file (RainLab.Blog-plugin): C:/xampp/htdocs/acme/install_files/temp/33b538b0804bdcfce25684369ded882c.arc
[2017/05/17 06:35:09] Step downloadPlugin +OK
[2017/05/17 06:35:09] Execute handler (onInstallStep): Array
(
    [result] => 
)

.============================ POST REQUEST ==========================.
[2017/05/17 06:35:09] Postback payload: Array
(
    [step] => downloadTheme
    [meta] => Array
        (
            [core] => Array
                (
                    [hash] => 1fc4f2016fbeaac8d8ab1e772812e978
                    [build] => 419
                    [uhash] => 386846ebe3802c4f192625743abb3f06
                )

            [plugins] => Array
                (
                    [RainLab.Blog] => 9e157ad541aee351de808a241183aad4
                )

            [themes] => Array
                (
                    [Responsiv.Clean] => 89e8992f7aaf97510e9544a59e8ecc62
                )

        )

    [name] => Responsiv.Clean
    [handler] => onInstallStep
)

[2017/05/17 06:35:09] Install step: downloadTheme
[2017/05/17 06:35:10] Saving to file (Responsiv.Clean-theme): C:/xampp/htdocs/acme/install_files/temp/50b424b156f0b335ba87925d2ea83f82.arc
[2017/05/17 06:35:10] Step downloadTheme +OK
[2017/05/17 06:35:10] Execute handler (onInstallStep): Array
(
    [result] => 
)

.============================ POST REQUEST ==========================.
[2017/05/17 06:35:10] Postback payload: Array
(
    [step] => extractCore
    [meta] => Array
        (
            [core] => Array
                (
                    [hash] => 1fc4f2016fbeaac8d8ab1e772812e978
                    [build] => 419
                    [uhash] => 386846ebe3802c4f192625743abb3f06
                )

            [plugins] => Array
                (
                    [RainLab.Blog] => 9e157ad541aee351de808a241183aad4
                )

            [themes] => Array
                (
                    [Responsiv.Clean] => 89e8992f7aaf97510e9544a59e8ecc62
                )

        )

    [handler] => onInstallStep
)

[2017/05/17 06:35:10] Install step: extractCore
[2017/05/17 06:35:10] Extracting file (core): a74ad8dfacd4f985eb3977517615ce25.arc
[2017/05/17 06:36:41] Step extractCore +OK
[2017/05/17 06:36:41] Execute handler (onInstallStep): Array
(
    [result] => 1
)

.============================ POST REQUEST ==========================.
[2017/05/17 06:36:41] Postback payload: Array
(
    [step] => extractPlugin
    [meta] => Array
        (
            [core] => Array
                (
                    [hash] => 1fc4f2016fbeaac8d8ab1e772812e978
                    [build] => 419
                    [uhash] => 386846ebe3802c4f192625743abb3f06
                )

            [plugins] => Array
                (
                    [RainLab.Blog] => 9e157ad541aee351de808a241183aad4
                )

            [themes] => Array
                (
                    [Responsiv.Clean] => 89e8992f7aaf97510e9544a59e8ecc62
                )

        )

    [name] => RainLab.Blog
    [handler] => onInstallStep
)

[2017/05/17 06:36:41] Install step: extractPlugin
[2017/05/17 06:36:41] Extracting file (RainLab.Blog-plugin): 33b538b0804bdcfce25684369ded882c.arc
[2017/05/17 06:36:43] Step extractPlugin +OK
[2017/05/17 06:36:43] Execute handler (onInstallStep): Array
(
    [result] => 1
)

.============================ POST REQUEST ==========================.
[2017/05/17 06:36:43] Postback payload: Array
(
    [step] => extractTheme
    [meta] => Array
        (
            [core] => Array
                (
                    [hash] => 1fc4f2016fbeaac8d8ab1e772812e978
                    [build] => 419
                    [uhash] => 386846ebe3802c4f192625743abb3f06
                )

            [plugins] => Array
                (
                    [RainLab.Blog] => 9e157ad541aee351de808a241183aad4
                )

            [themes] => Array
                (
                    [Responsiv.Clean] => 89e8992f7aaf97510e9544a59e8ecc62
                )

        )

    [name] => Responsiv.Clean
    [handler] => onInstallStep
)

[2017/05/17 06:36:43] Install step: extractTheme
[2017/05/17 06:36:43] Extracting file (Responsiv.Clean-theme): 50b424b156f0b335ba87925d2ea83f82.arc
[2017/05/17 06:36:45] Step extractTheme +OK
[2017/05/17 06:36:45] Execute handler (onInstallStep): Array
(
    [result] => 1
)

.============================ POST REQUEST ==========================.
[2017/05/17 06:36:45] Postback payload: Array
(
    [step] => setupConfig
    [meta] => Array
        (
            [core] => Array
                (
                    [hash] => 1fc4f2016fbeaac8d8ab1e772812e978
                    [build] => 419
                    [uhash] => 386846ebe3802c4f192625743abb3f06
                )

            [plugins] => Array
                (
                    [RainLab.Blog] => 9e157ad541aee351de808a241183aad4
                )

            [themes] => Array
                (
                    [Responsiv.Clean] => 89e8992f7aaf97510e9544a59e8ecc62
                )

        )

    [db_type] => mysql
    [db_host] => localhost
    [db_port] => 
    [db_name] => acme_oct
    [db_user] => root
    [db_pass] => *******
    [admin_first_name] => Brad
    [admin_last_name] => Traversy
    [admin_email] => *******@*****.com
    [admin_login] => admin
    [admin_password] => *******
    [admin_confirm_password] => *******
    [backend_uri] => /backend
    [encryption_code] => *******
    [file_mask] => 777
    [folder_mask] => 777
    [active_theme] => Responsiv.Clean
    [handler] => onInstallStep
)

[2017/05/17 06:36:45] Install step: setupConfig
[2017/05/17 04:36:45] Step setupConfig +OK
[2017/05/17 04:36:45] Execute handler (onInstallStep): Array
(
    [result] => 
)

.============================ POST REQUEST ==========================.
[2017/05/17 06:36:46] Postback payload: Array
(
    [step] => createAdmin
    [meta] => Array
        (
            [core] => Array
                (
                    [hash] => 1fc4f2016fbeaac8d8ab1e772812e978
                    [build] => 419
                    [uhash] => 386846ebe3802c4f192625743abb3f06
                )

            [plugins] => Array
                (
                    [RainLab.Blog] => 9e157ad541aee351de808a241183aad4
                )

            [themes] => Array
                (
                    [Responsiv.Clean] => 89e8992f7aaf97510e9544a59e8ecc62
                )

        )

    [db_type] => mysql
    [db_host] => localhost
    [db_port] => 
    [db_name] => acme_oct
    [db_user] => root
    [db_pass] => *******
    [admin_first_name] => Brad
    [admin_last_name] => Traversy
    [admin_email] => *******@*****.com
    [admin_login] => admin
    [admin_password] => *******
    [admin_confirm_password] => *******
    [backend_uri] => /backend
    [encryption_code] => *******
    [file_mask] => 777
    [folder_mask] => 777
    [active_theme] => Responsiv.Clean
    [handler] => onInstallStep
)

[2017/05/17 06:36:46] Install step: createAdmin
[2017/05/17 04:36:50] Step createAdmin +OK
[2017/05/17 04:36:50] Execute handler (onInstallStep): Array
(
    [result] => 
)

.============================ POST REQUEST ==========================.
[2017/05/17 06:36:51] Postback payload: Array
(
    [disableLog] => 1
)

[2017/05/17 06:36:51] Install step: setupProject
[2017/05/17 06:36:51] Step setupProject +OK
[2017/05/17 06:36:51] Execute handler (onInstallStep): Array
(
    [result] => 
)

.============================ POST REQUEST ==========================.
[2017/05/17 06:36:51] Postback payload: Array
(
    [step] => finishInstall
    [meta] => Array
        (
            [core] => Array
                (
                    [hash] => 1fc4f2016fbeaac8d8ab1e772812e978
                    [build] => 419
                    [uhash] => 386846ebe3802c4f192625743abb3f06
                )

            [plugins] => Array
                (
                    [RainLab.Blog] => 9e157ad541aee351de808a241183aad4
                )

            [themes] => Array
                (
                    [Responsiv.Clean] => 89e8992f7aaf97510e9544a59e8ecc62
                )

        )

    [hash] => 1fc4f2016fbeaac8d8ab1e772812e978
    [build] => 419
    [uhash] => 386846ebe3802c4f192625743abb3f06
    [handler] => onInstallStep
)

[2017/05/17 06:36:51] Install step: finishInstall
[2017/05/17 04:36:51] Cleaning up file: 33b538b0804bdcfce25684369ded882c.arc
[2017/05/17 04:36:51] Cleaning up file: 50b424b156f0b335ba87925d2ea83f82.arc
[2017/05/17 04:36:51] Cleaning up file: a74ad8dfacd4f985eb3977517615ce25.arc
[2017/05/17 04:36:51] Step finishInstall +OK
[2017/05/17 04:36:51] Execute handler (onInstallStep): Array
(
    [result] => 
)

